
> enroute-db@1.0.0 start /home/deon/enroute-db
> node server/index.js

events.js:183
      throw er; // Unhandled 'error' event
      ^

Error: listen EADDRINUSE :::8080
    at Object._errnoException (util.js:1022:11)
    at _exceptionWithHostPort (util.js:1044:20)
    at Server.setupListenHandle [as _listen2] (net.js:1351:14)
    at listenInCluster (net.js:1392:12)
    at Server.listen (net.js:1476:7)
    at Function.listen (/home/deon/enroute-db/node_modules/express/lib/application.js:618:24)
    at Object.<anonymous> (/home/deon/enroute-db/server/index.js:42:5)
    at Module._compile (module.js:643:30)
    at Object.Module._extensions..js (module.js:654:10)
    at Module.load (module.js:556:32)
npm ERR! code ELIFECYCLE
npm ERR! errno 1
npm ERR! enroute-db@1.0.0 start: `node server/index.js`
npm ERR! Exit status 1
npm ERR! 
npm ERR! Failed at the enroute-db@1.0.0 start script.
npm ERR! This is probably not a problem with npm. There is likely additional logging output above.

npm ERR! A complete log of this run can be found in:
npm ERR!     /home/deon/.npm/_logs/2018-04-28T17_07_34_839Z-debug.log

> enroute-db@1.0.0 start /home/deon/enroute-db
> node server/index.js

events.js:183
      throw er; // Unhandled 'error' event
      ^

Error: listen EADDRINUSE :::8080
    at Object._errnoException (util.js:1022:11)
    at _exceptionWithHostPort (util.js:1044:20)
    at Server.setupListenHandle [as _listen2] (net.js:1351:14)
    at listenInCluster (net.js:1392:12)
    at Server.listen (net.js:1476:7)
    at Function.listen (/home/deon/enroute-db/node_modules/express/lib/application.js:618:24)
    at Object.<anonymous> (/home/deon/enroute-db/server/index.js:42:5)
    at Module._compile (module.js:643:30)
    at Object.Module._extensions..js (module.js:654:10)
    at Module.load (module.js:556:32)
npm ERR! code ELIFECYCLE
npm ERR! errno 1
npm ERR! enroute-db@1.0.0 start: `node server/index.js`
npm ERR! Exit status 1
npm ERR! 
npm ERR! Failed at the enroute-db@1.0.0 start script.
npm ERR! This is probably not a problem with npm. There is likely additional logging output above.

npm ERR! A complete log of this run can be found in:
npm ERR!     /home/deon/.npm/_logs/2018-04-28T17_07_59_666Z-debug.log

> enroute-db@1.0.0 start /home/deon/enroute-db
> node server/index.js

events.js:183
      throw er; // Unhandled 'error' event
      ^

Error: listen EADDRINUSE :::8080
    at Object._errnoException (util.js:1022:11)
    at _exceptionWithHostPort (util.js:1044:20)
    at Server.setupListenHandle [as _listen2] (net.js:1351:14)
    at listenInCluster (net.js:1392:12)
    at Server.listen (net.js:1476:7)
    at Function.listen (/home/deon/enroute-db/node_modules/express/lib/application.js:618:24)
    at Object.<anonymous> (/home/deon/enroute-db/server/index.js:42:5)
    at Module._compile (module.js:643:30)
    at Object.Module._extensions..js (module.js:654:10)
    at Module.load (module.js:556:32)
npm ERR! code ELIFECYCLE
npm ERR! errno 1
npm ERR! enroute-db@1.0.0 start: `node server/index.js`
npm ERR! Exit status 1
npm ERR! 
npm ERR! Failed at the enroute-db@1.0.0 start script.
npm ERR! This is probably not a problem with npm. There is likely additional logging output above.

npm ERR! A complete log of this run can be found in:
npm ERR!     /home/deon/.npm/_logs/2018-04-28T17_08_02_642Z-debug.log

> enroute-db@1.0.0 start /home/deon/enroute-db
> node server/index.js

events.js:183
      throw er; // Unhandled 'error' event
      ^

Error: listen EADDRINUSE :::8080
    at Object._errnoException (util.js:1022:11)
    at _exceptionWithHostPort (util.js:1044:20)
    at Server.setupListenHandle [as _listen2] (net.js:1351:14)
    at listenInCluster (net.js:1392:12)
    at Server.listen (net.js:1476:7)
    at Function.listen (/home/deon/enroute-db/node_modules/express/lib/application.js:618:24)
    at Object.<anonymous> (/home/deon/enroute-db/server/index.js:42:5)
    at Module._compile (module.js:643:30)
    at Object.Module._extensions..js (module.js:654:10)
    at Module.load (module.js:556:32)
npm ERR! code ELIFECYCLE
npm ERR! errno 1
npm ERR! enroute-db@1.0.0 start: `node server/index.js`
npm ERR! Exit status 1
npm ERR! 
npm ERR! Failed at the enroute-db@1.0.0 start script.
npm ERR! This is probably not a problem with npm. There is likely additional logging output above.

npm ERR! A complete log of this run can be found in:
npm ERR!     /home/deon/.npm/_logs/2018-04-28T17_08_04_131Z-debug.log

> enroute-db@1.0.0 start /home/deon/enroute-db
> node server/index.js

events.js:183
      throw er; // Unhandled 'error' event
      ^

Error: listen EADDRINUSE :::8080
    at Object._errnoException (util.js:1022:11)
    at _exceptionWithHostPort (util.js:1044:20)
    at Server.setupListenHandle [as _listen2] (net.js:1351:14)
    at listenInCluster (net.js:1392:12)
    at Server.listen (net.js:1476:7)
    at Function.listen (/home/deon/enroute-db/node_modules/express/lib/application.js:618:24)
    at Object.<anonymous> (/home/deon/enroute-db/server/index.js:42:5)
    at Module._compile (module.js:643:30)
    at Object.Module._extensions..js (module.js:654:10)
    at Module.load (module.js:556:32)
npm ERR! code ELIFECYCLE
npm ERR! errno 1
npm ERR! enroute-db@1.0.0 start: `node server/index.js`
npm ERR! Exit status 1
npm ERR! 
npm ERR! Failed at the enroute-db@1.0.0 start script.
npm ERR! This is probably not a problem with npm. There is likely additional logging output above.

npm ERR! A complete log of this run can be found in:
npm ERR!     /home/deon/.npm/_logs/2018-04-28T17_08_05_028Z-debug.log

> enroute-db@1.0.0 start /home/deon/enroute-db
> node server/index.js

events.js:183
      throw er; // Unhandled 'error' event
      ^

Error: listen EADDRINUSE :::8080
    at Object._errnoException (util.js:1022:11)
    at _exceptionWithHostPort (util.js:1044:20)
    at Server.setupListenHandle [as _listen2] (net.js:1351:14)
    at listenInCluster (net.js:1392:12)
    at Server.listen (net.js:1476:7)
    at Function.listen (/home/deon/enroute-db/node_modules/express/lib/application.js:618:24)
    at Object.<anonymous> (/home/deon/enroute-db/server/index.js:42:5)
    at Module._compile (module.js:643:30)
    at Object.Module._extensions..js (module.js:654:10)
    at Module.load (module.js:556:32)
npm ERR! code ELIFECYCLE
npm ERR! errno 1
npm ERR! enroute-db@1.0.0 start: `node server/index.js`
npm ERR! Exit status 1
npm ERR! 
npm ERR! Failed at the enroute-db@1.0.0 start script.
npm ERR! This is probably not a problem with npm. There is likely additional logging output above.

npm ERR! A complete log of this run can be found in:
npm ERR!     /home/deon/.npm/_logs/2018-04-28T17_08_07_359Z-debug.log

> enroute-db@1.0.0 start /home/deon/enroute-db
> node server/index.js

listening on port 8080
Terminated
npm ERR! code ELIFECYCLE
npm ERR! errno 143
npm ERR! enroute-db@1.0.0 start: `node server/index.js`
npm ERR! Exit status 143
npm ERR! 
npm ERR! Failed at the enroute-db@1.0.0 start script.
npm ERR! This is probably not a problem with npm. There is likely additional logging output above.

npm ERR! A complete log of this run can be found in:
npm ERR!     /home/deon/.npm/_logs/2018-04-28T17_09_22_952Z-debug.log
